<?xml version="1.0" encoding="UTF-8"?>
<!-- Generated by org.testng.reporters.JUnitReportReporter -->
<testsuite hostname="mech.local" failures="0" tests="1" name="techfynder.M1" time="99.735" errors="0" timestamp="2021-02-12T20:40:48 GMT" skipped="0">
  <testcase classname="techfynder.M1" name="generalInformationTest" time="99.735"/>
</testsuite> <!-- techfynder.M1 -->
